{"C:\\Users\\AndrewK\\Documents\\dashboard-ui\\serverless-orders-api\\src\\resolvers.js": {"path":"C:\\Users\\AndrewK\\Documents\\dashboard-ui\\serverless-orders-api\\src\\resolvers.js","statementMap":{"0":{"start":{"line":1,"column":28},"end":{"line":1,"column":60}},"1":{"start":{"line":2,"column":69},"end":{"line":2,"column":105}},"2":{"start":{"line":4,"column":0},"end":{"line":21,"column":3}},"3":{"start":{"line":7,"column":6},"end":{"line":7,"column":43}},"4":{"start":{"line":12,"column":8},"end":{"line":12,"column":46}},"5":{"start":{"line":15,"column":8},"end":{"line":15,"column":48}},"6":{"start":{"line":18,"column":8},"end":{"line":18,"column":48}}},"fnMap":{"0":{"name":"(anonymous_0)","decl":{"start":{"line":6,"column":22},"end":{"line":6,"column":23}},"loc":{"start":{"line":6,"column":40},"end":{"line":8,"column":5}},"line":6},"1":{"name":"(anonymous_1)","decl":{"start":{"line":11,"column":24},"end":{"line":11,"column":25}},"loc":{"start":{"line":11,"column":42},"end":{"line":13,"column":7}},"line":11},"2":{"name":"(anonymous_2)","decl":{"start":{"line":14,"column":27},"end":{"line":14,"column":28}},"loc":{"start":{"line":14,"column":45},"end":{"line":16,"column":7}},"line":14},"3":{"name":"(anonymous_3)","decl":{"start":{"line":17,"column":27},"end":{"line":17,"column":28}},"loc":{"start":{"line":17,"column":45},"end":{"line":19,"column":7}},"line":17}},"branchMap":{},"s":{"0":3,"1":3,"2":3,"3":4,"4":6,"5":0,"6":0},"f":{"0":4,"1":6,"2":0,"3":0},"b":{},"_coverageSchema":"1a1c01bbd47fc00a2c39e90264f33305004495a9","hash":"ca4ed2780391d52167df314240d5cc8e07475b46"}
,"C:\\Users\\AndrewK\\Documents\\dashboard-ui\\serverless-orders-api\\src\\mutation\\configuration.js": {"path":"C:\\Users\\AndrewK\\Documents\\dashboard-ui\\serverless-orders-api\\src\\mutation\\configuration.js","statementMap":{"0":{"start":{"line":1,"column":12},"end":{"line":1,"column":30}},"1":{"start":{"line":2,"column":0},"end":{"line":4,"column":3}},"2":{"start":{"line":5,"column":12},"end":{"line":5,"column":45}},"3":{"start":{"line":7,"column":0},"end":{"line":32,"column":3}},"4":{"start":{"line":8,"column":4},"end":{"line":8,"column":29}},"5":{"start":{"line":9,"column":4},"end":{"line":9,"column":29}},"6":{"start":{"line":10,"column":51},"end":{"line":10,"column":55}},"7":{"start":{"line":11,"column":27},"end":{"line":17,"column":5}},"8":{"start":{"line":19,"column":4},"end":{"line":31,"column":5}},"9":{"start":{"line":20,"column":22},"end":{"line":23,"column":9}},"10":{"start":{"line":24,"column":22},"end":{"line":24,"column":53}},"11":{"start":{"line":25,"column":8},"end":{"line":25,"column":37}},"12":{"start":{"line":26,"column":8},"end":{"line":26,"column":31}},"13":{"start":{"line":29,"column":6},"end":{"line":29,"column":29}},"14":{"start":{"line":30,"column":6},"end":{"line":30,"column":22}},"15":{"start":{"line":34,"column":2},"end":{"line":56,"column":3}},"16":{"start":{"line":35,"column":4},"end":{"line":35,"column":29}},"17":{"start":{"line":36,"column":4},"end":{"line":36,"column":29}},"18":{"start":{"line":38,"column":17},"end":{"line":38,"column":21}},"19":{"start":{"line":40,"column":4},"end":{"line":55,"column":5}},"20":{"start":{"line":41,"column":21},"end":{"line":46,"column":7}},"21":{"start":{"line":47,"column":20},"end":{"line":47,"column":54}},"22":{"start":{"line":48,"column":6},"end":{"line":48,"column":35}},"23":{"start":{"line":49,"column":6},"end":{"line":49,"column":17}},"24":{"start":{"line":53,"column":6},"end":{"line":53,"column":29}},"25":{"start":{"line":54,"column":6},"end":{"line":54,"column":22}},"26":{"start":{"line":58,"column":2},"end":{"line":88,"column":3}},"27":{"start":{"line":59,"column":4},"end":{"line":59,"column":29}},"28":{"start":{"line":60,"column":4},"end":{"line":60,"column":29}},"29":{"start":{"line":62,"column":51},"end":{"line":62,"column":55}},"30":{"start":{"line":64,"column":4},"end":{"line":87,"column":5}},"31":{"start":{"line":65,"column":21},"end":{"line":78,"column":5}},"32":{"start":{"line":79,"column":22},"end":{"line":79,"column":56}},"33":{"start":{"line":80,"column":8},"end":{"line":80,"column":37}},"34":{"start":{"line":81,"column":8},"end":{"line":81,"column":21}},"35":{"start":{"line":85,"column":6},"end":{"line":85,"column":29}},"36":{"start":{"line":86,"column":6},"end":{"line":86,"column":22}}},"fnMap":{"0":{"name":"(anonymous_0)","decl":{"start":{"line":7,"column":34},"end":{"line":7,"column":35}},"loc":{"start":{"line":7,"column":51},"end":{"line":32,"column":3}},"line":7},"1":{"name":"(anonymous_1)","decl":{"start":{"line":34,"column":39},"end":{"line":34,"column":40}},"loc":{"start":{"line":34,"column":56},"end":{"line":56,"column":3}},"line":34},"2":{"name":"(anonymous_2)","decl":{"start":{"line":58,"column":39},"end":{"line":58,"column":40}},"loc":{"start":{"line":58,"column":56},"end":{"line":88,"column":3}},"line":58}},"branchMap":{},"s":{"0":3,"1":3,"2":3,"3":3,"4":6,"5":6,"6":6,"7":6,"8":6,"9":6,"10":6,"11":0,"12":0,"13":6,"14":6,"15":3,"16":0,"17":0,"18":0,"19":0,"20":0,"21":0,"22":0,"23":0,"24":0,"25":0,"26":3,"27":0,"28":0,"29":0,"30":0,"31":0,"32":0,"33":0,"34":0,"35":0,"36":0},"f":{"0":6,"1":0,"2":0},"b":{},"_coverageSchema":"1a1c01bbd47fc00a2c39e90264f33305004495a9","hash":"bd1e14966d077ff5967414b5215f9f8b7ab2e624"}
,"C:\\Users\\AndrewK\\Documents\\dashboard-ui\\serverless-orders-api\\src\\query\\configuration.js": {"path":"C:\\Users\\AndrewK\\Documents\\dashboard-ui\\serverless-orders-api\\src\\query\\configuration.js","statementMap":{"0":{"start":{"line":1,"column":12},"end":{"line":1,"column":30}},"1":{"start":{"line":2,"column":0},"end":{"line":4,"column":3}},"2":{"start":{"line":5,"column":12},"end":{"line":5,"column":45}},"3":{"start":{"line":7,"column":0},"end":{"line":22,"column":1}},"4":{"start":{"line":8,"column":4},"end":{"line":8,"column":29}},"5":{"start":{"line":9,"column":4},"end":{"line":9,"column":29}},"6":{"start":{"line":10,"column":4},"end":{"line":21,"column":5}},"7":{"start":{"line":11,"column":21},"end":{"line":14,"column":7}},"8":{"start":{"line":15,"column":22},"end":{"line":15,"column":54}},"9":{"start":{"line":16,"column":8},"end":{"line":16,"column":27}},"10":{"start":{"line":17,"column":8},"end":{"line":17,"column":28}},"11":{"start":{"line":19,"column":6},"end":{"line":19,"column":29}},"12":{"start":{"line":20,"column":6},"end":{"line":20,"column":22}}},"fnMap":{"0":{"name":"(anonymous_0)","decl":{"start":{"line":7,"column":34},"end":{"line":7,"column":35}},"loc":{"start":{"line":7,"column":51},"end":{"line":22,"column":1}},"line":7}},"branchMap":{},"s":{"0":3,"1":3,"2":3,"3":3,"4":4,"5":4,"6":4,"7":4,"8":4,"9":0,"10":0,"11":4,"12":4},"f":{"0":4},"b":{},"_coverageSchema":"1a1c01bbd47fc00a2c39e90264f33305004495a9","hash":"2a536257c433b0f31056f46dfc7db6c5570419d6"}
}
