TN:
SF:src\resolvers.js
FN:6,(anonymous_0)
FN:11,(anonymous_1)
FN:14,(anonymous_2)
FN:17,(anonymous_3)
FNF:4
FNH:2
FNDA:4,(anonymous_0)
FNDA:6,(anonymous_1)
FNDA:0,(anonymous_2)
FNDA:0,(anonymous_3)
DA:1,3
DA:2,3
DA:4,3
DA:7,4
DA:12,6
DA:15,0
DA:18,0
LF:7
LH:5
BRF:0
BRH:0
end_of_record
TN:
SF:src\mutation\configuration.js
FN:7,(anonymous_0)
FN:34,(anonymous_1)
FN:58,(anonymous_2)
FNF:3
FNH:1
FNDA:6,(anonymous_0)
FNDA:0,(anonymous_1)
FNDA:0,(anonymous_2)
DA:1,3
DA:2,3
DA:5,3
DA:7,3
DA:8,6
DA:9,6
DA:10,6
DA:11,6
DA:19,6
DA:20,6
DA:24,6
DA:25,0
DA:26,0
DA:29,6
DA:30,6
DA:34,3
DA:35,0
DA:36,0
DA:38,0
DA:40,0
DA:41,0
DA:47,0
DA:48,0
DA:49,0
DA:53,0
DA:54,0
DA:58,3
DA:59,0
DA:60,0
DA:62,0
DA:64,0
DA:65,0
DA:79,0
DA:80,0
DA:81,0
DA:85,0
DA:86,0
LF:37
LH:15
BRF:0
BRH:0
end_of_record
TN:
SF:src\query\configuration.js
FN:7,(anonymous_0)
FNF:1
FNH:1
FNDA:4,(anonymous_0)
DA:1,3
DA:2,3
DA:5,3
DA:7,3
DA:8,4
DA:9,4
DA:10,4
DA:11,4
DA:15,4
DA:16,0
DA:17,0
DA:19,4
DA:20,4
LF:13
LH:11
BRF:0
BRH:0
end_of_record
